<?xml version="1.0" encoding="UTF-8"?>
<!-- Generated by org.testng.reporters.JUnitXMLReporter -->
<testsuite hostname="DESKTOP-3AL76L4" ignored="0" name="Command line test" tests="25" failures="2" timestamp="2023-05-01T20:22:47 EET" time="16.62" errors="0">
  <testcase name="@BeforeClass Login" time="3.422" classname="Campus.CountryTest">
    <failure type="java.lang.AssertionError" message="1 expectation failed.
Expected status code &amp;lt;200&amp;gt; but was &amp;lt;400&amp;gt;.
">
      <![CDATA[java.lang.AssertionError: 1 expectation failed.
Expected status code <200> but was <400>.

at org.codehaus.groovy.runtime.callsite.ConstructorSite$ConstructorSiteNoUnwrap.callConstructor(ConstructorSite.java:86)
at org.codehaus.groovy.runtime.callsite.CallSiteArray.defaultCallConstructor(CallSiteArray.java:58)
at org.codehaus.groovy.runtime.callsite.AbstractCallSite.callConstructor(AbstractCallSite.java:263)
at org.codehaus.groovy.runtime.callsite.AbstractCallSite.callConstructor(AbstractCallSite.java:277)
at io.restassured.internal.ResponseSpecificationImpl$HamcrestAssertionClosure.validate(ResponseSpecificationImpl.groovy:512)
at io.restassured.internal.ResponseSpecificationImpl$HamcrestAssertionClosure$validate$1.call(Unknown Source)
at org.codehaus.groovy.runtime.callsite.CallSiteArray.defaultCall(CallSiteArray.java:46)
at org.codehaus.groovy.runtime.callsite.AbstractCallSite.call(AbstractCallSite.java:125)
at org.codehaus.groovy.runtime.callsite.AbstractCallSite.call(AbstractCallSite.java:139)
at io.restassured.internal.ResponseSpecificationImpl.validateResponseIfRequired(ResponseSpecificationImpl.groovy:696)
at io.restassured.internal.ResponseSpecificationImpl.this$2$validateResponseIfRequired(ResponseSpecificationImpl.groovy)
at org.codehaus.groovy.runtime.callsite.PlainObjectMetaMethodSite.doInvoke(PlainObjectMetaMethodSite.java:43)
at org.codehaus.groovy.runtime.callsite.PogoMetaMethodSite$PogoCachedMethodSiteNoUnwrapNoCoerce.invoke(PogoMetaMethodSite.java:198)
at org.codehaus.groovy.runtime.callsite.PogoMetaMethodSite.callCurrent(PogoMetaMethodSite.java:62)
at org.codehaus.groovy.runtime.callsite.CallSiteArray.defaultCallCurrent(CallSiteArray.java:50)
at org.codehaus.groovy.runtime.callsite.AbstractCallSite.callCurrent(AbstractCallSite.java:171)
at org.codehaus.groovy.runtime.callsite.AbstractCallSite.callCurrent(AbstractCallSite.java:185)
at io.restassured.internal.ResponseSpecificationImpl.statusCode(ResponseSpecificationImpl.groovy:135)
at io.restassured.specification.ResponseSpecification$statusCode$0.callCurrent(Unknown Source)
at org.codehaus.groovy.runtime.callsite.CallSiteArray.defaultCallCurrent(CallSiteArray.java:50)
at org.codehaus.groovy.runtime.callsite.AbstractCallSite.callCurrent(AbstractCallSite.java:171)
at org.codehaus.groovy.runtime.callsite.AbstractCallSite.callCurrent(AbstractCallSite.java:185)
at io.restassured.internal.ResponseSpecificationImpl.statusCode(ResponseSpecificationImpl.groovy:143)
at io.restassured.internal.ValidatableResponseOptionsImpl.statusCode(ValidatableResponseOptionsImpl.java:89)
at Campus.CountryTest.Login(CountryTest.java:35)
at java.util.ArrayList.forEach(ArrayList.java:1259)
... Removed 45 stack frames]]>
    </failure>
  </testcase> <!-- @BeforeClass Login -->
  <testcase name="createCountry" time="0.0" classname="Campus.CountryTest">
    <skipped/>
  </testcase> <!-- createCountry -->
  <testcase name="createCountryNegative" time="0.0" classname="Campus.CountryTest">
    <skipped/>
  </testcase> <!-- createCountryNegative -->
  <testcase name="updateCountry" time="0.0" classname="Campus.CountryTest">
    <skipped/>
  </testcase> <!-- updateCountry -->
  <testcase name="deleteCountry" time="0.0" classname="Campus.CountryTest">
    <skipped/>
  </testcase> <!-- deleteCountry -->
  <testcase name="deleteCountryNefative" time="0.0" classname="Campus.CountryTest">
    <skipped/>
  </testcase> <!-- deleteCountryNefative -->
  <testcase name="bodyArrayHasSizeTest" time="1.343" classname="ZippoTest"/>
  <testcase name="checkCountryInResponseBodyt" time="0.317" classname="ZippoTest">
    <failure type="java.lang.AssertionError" message="1 expectation failed.
JSON path country doesn&amp;apos;t match.
Expected: ünited States
  Actual: United States
">
      <![CDATA[java.lang.AssertionError: 1 expectation failed.
JSON path country doesn't match.
Expected: ünited States
  Actual: United States

at org.codehaus.groovy.runtime.callsite.ConstructorSite$ConstructorSiteNoUnwrap.callConstructor(ConstructorSite.java:86)
at org.codehaus.groovy.runtime.callsite.AbstractCallSite.callConstructor(AbstractCallSite.java:277)
at io.restassured.internal.ResponseSpecificationImpl$HamcrestAssertionClosure.validate(ResponseSpecificationImpl.groovy:512)
at io.restassured.internal.ResponseSpecificationImpl$HamcrestAssertionClosure$validate$1.call(Unknown Source)
at io.restassured.internal.ResponseSpecificationImpl.validateResponseIfRequired(ResponseSpecificationImpl.groovy:696)
at io.restassured.internal.ResponseSpecificationImpl.this$2$validateResponseIfRequired(ResponseSpecificationImpl.groovy)
at org.codehaus.groovy.runtime.callsite.PlainObjectMetaMethodSite.doInvoke(PlainObjectMetaMethodSite.java:43)
at org.codehaus.groovy.runtime.callsite.PogoMetaMethodSite$PogoCachedMethodSiteNoUnwrapNoCoerce.invoke(PogoMetaMethodSite.java:198)
at org.codehaus.groovy.runtime.callsite.PogoMetaMethodSite.callCurrent(PogoMetaMethodSite.java:62)
at org.codehaus.groovy.runtime.callsite.AbstractCallSite.callCurrent(AbstractCallSite.java:185)
at io.restassured.internal.ResponseSpecificationImpl.body(ResponseSpecificationImpl.groovy:270)
at io.restassured.specification.ResponseSpecification$body$1.callCurrent(Unknown Source)
at org.codehaus.groovy.runtime.callsite.CallSiteArray.defaultCallCurrent(CallSiteArray.java:50)
at io.restassured.specification.ResponseSpecification$body$1.callCurrent(Unknown Source)
at io.restassured.internal.ResponseSpecificationImpl.body(ResponseSpecificationImpl.groovy:117)
at io.restassured.internal.ValidatableResponseOptionsImpl.body(ValidatableResponseOptionsImpl.java:244)
at ZippoTest.checkCountryInResponseBodyt(ZippoTest.java:76)
at java.util.ArrayList.forEach(ArrayList.java:1259)
... Removed 47 stack frames]]>
    </failure>
  </testcase> <!-- checkCountryInResponseBodyt -->
  <testcase name="checkHasItemy" time="0.348" classname="ZippoTest"/>
  <testcase name="checkstateInResponseBody" time="0.348" classname="ZippoTest"/>
  <testcase name="combiningTest" time="0.345" classname="ZippoTest"/>
  <testcase name="contentTypeTest" time="0.286" classname="ZippoTest"/>
  <testcase name="extracingJsonPathTest" time="0.345" classname="ZippoTest"/>
  <testcase name="extractPOJO_Soru" time="0.835" classname="ZippoTest"/>
  <testcase name="extractingJsonAll" time="0.34" classname="ZippoTest"/>
  <testcase name="extractingJsonPath2" time="0.324" classname="ZippoTest"/>
  <testcase name="extractingJsonPath3" time="0.824" classname="ZippoTest"/>
  <testcase name="extractingJsonPath4" time="0.433" classname="ZippoTest"/>
  <testcase name="extractingJsonPath5" time="0.435" classname="ZippoTest"/>
  <testcase name="extractingJsonPathResponsAll" time="0.709" classname="ZippoTest">
    <failure type="java.lang.AssertionError" message="expected [true] but found [false]">
      <![CDATA[java.lang.AssertionError: expected [true] but found [false]
at ZippoTest.extractingJsonPathResponsAll(ZippoTest.java:355)
at java.util.ArrayList.forEach(ArrayList.java:1259)
... Removed 41 stack frames]]>
    </failure>
  </testcase> <!-- extractingJsonPathResponsAll -->
  <testcase name="ilkTest" time="0.314" classname="ZippoTest"/>
  <testcase name="pathParamTest" time="0.3" classname="ZippoTest"/>
  <testcase name="queryParamTest" time="0.412" classname="ZippoTest"/>
  <testcase name="queryParamTest2" time="4.414" classname="ZippoTest"/>
  <testcase name="requestResponseSpecificationn" time="0.393" classname="ZippoTest"/>
  <testcase name="test" time="0.001" classname="ZippoTest"/>
</testsuite> <!-- Command line test -->
